#-----------------------------------------------------------
# Webtalk v2017.4 (64-bit)
# SW Build 2086221 on Fri Dec 15 20:55:39 MST 2017
# 
# Start of session at: Thu Mar  5 10:26:36 2020
# Process ID: 1992
# Current directory: D:/EIVE_FPGA/EIVE-SDI_RX_Subsystem/EIVE-SDI_RX_Subsystem.sdk/webtalk
# Command line: wbtcv.exe -mode batch -source sdk_webtalk.tcl
# Log file: D:/EIVE_FPGA/EIVE-SDI_RX_Subsystem/EIVE-SDI_RX_Subsystem.sdk/webtalk/webtalk.log
# Journal file: D:/EIVE_FPGA/EIVE-SDI_RX_Subsystem/EIVE-SDI_RX_Subsystem.sdk/webtalk\webtalk.jou
#-----------------------------------------------------------
source sdk_webtalk.tcl
# webtalk_init -webtalk_dir D:\\EIVE_FPGA\\EIVE-SDI_RX_Subsystem\\EIVE-SDI_RX_Subsystem.sdk\\webtalk
# webtalk_register_client -client project
# webtalk_add_data -client project -key date_generated -value "2020-03-05 10:26:33" -context "software_version_and_target_device"
# webtalk_add_data -client project -key product_version -value "SDK v2017.4" -context "software_version_and_target_device"
# webtalk_add_data -client project -key build_version -value "2017.4" -context "software_version_and_target_device"
# webtalk_add_data -client project -key os_platform -value "amd64" -context "software_version_and_target_device"
# webtalk_add_data -client project -key registration_id -value "211565846_177724481_210696504_866" -context "software_version_and_target_device"
# webtalk_add_data -client project -key tool_flow -value "SDK" -context "software_version_and_target_device"
# webtalk_add_data -client project -key beta -value "false" -context "software_version_and_target_device"
# webtalk_add_data -client project -key route_design -value "NA" -context "software_version_and_target_device"
# webtalk_add_data -client project -key target_family -value "NA" -context "software_version_and_target_device"
# webtalk_add_data -client project -key target_device -value "NA" -context "software_version_and_target_device"
# webtalk_add_data -client project -key target_package -value "NA" -context "software_version_and_target_device"
# webtalk_add_data -client project -key target_speed -value "NA" -context "software_version_and_target_device"
# webtalk_add_data -client project -key random_id -value "g8uflak0hmf2vm15kc1jdj850t" -context "software_version_and_target_device"
# webtalk_add_data -client project -key project_id -value "2017.4_4" -context "software_version_and_target_device"
# webtalk_add_data -client project -key project_iteration -value "4" -context "software_version_and_target_device"
# webtalk_add_data -client project -key os_name -value "Microsoft Windows 8 or later , 64-bit" -context "user_environment"
# webtalk_add_data -client project -key os_release -value "major release  (build 9200)" -context "user_environment"
# webtalk_add_data -client project -key cpu_name -value "Intel(R) Core(TM) i5-3470 CPU @ 3.20GHz" -context "user_environment"
# webtalk_add_data -client project -key cpu_speed -value "3193 MHz" -context "user_environment"
# webtalk_add_data -client project -key total_processors -value "1" -context "user_environment"
# webtalk_add_data -client project -key system_ram -value "8.464 GB" -context "user_environment"
# webtalk_register_client -client sdk
# webtalk_add_data -client sdk -key uid -value "1583398270799" -context "sdk\\\\hardware/1583398270799"
# webtalk_add_data -client sdk -key isZynq -value "false" -context "sdk\\\\hardware/1583398270799"
# webtalk_add_data -client sdk -key isZynqMP -value "true" -context "sdk\\\\hardware/1583398270799"
# webtalk_add_data -client sdk -key Processors -value "7" -context "sdk\\\\hardware/1583398270799"
# webtalk_add_data -client sdk -key VivadoVersion -value "2017.4_AR70593" -context "sdk\\\\hardware/1583398270799"
# webtalk_add_data -client sdk -key Arch -value "zynquplus" -context "sdk\\\\hardware/1583398270799"
# webtalk_add_data -client sdk -key Device -value "xczu9eg" -context "sdk\\\\hardware/1583398270799"
# webtalk_add_data -client sdk -key IsHandoff -value "true" -context "sdk\\\\hardware/1583398270799"
# webtalk_add_data -client sdk -key os -value "NA" -context "sdk\\\\hardware/1583398270799"
# webtalk_add_data -client sdk -key apptemplate -value "NA" -context "sdk\\\\hardware/1583398270799"
# webtalk_add_data -client sdk -key RecordType -value "HWCreation" -context "sdk\\\\hardware/1583398270799"
# webtalk_add_data -client sdk -key uid -value "NA" -context "sdk\\\\bsp/1583400392954"
# webtalk_add_data -client sdk -key RecordType -value "ToolUsage" -context "sdk\\\\bsp/1583400392954"
# webtalk_add_data -client sdk -key BootgenCount -value "0" -context "sdk\\\\bsp/1583400392954"
# webtalk_add_data -client sdk -key DebugCount -value "18" -context "sdk\\\\bsp/1583400392954"
# webtalk_add_data -client sdk -key PerfCount -value "0" -context "sdk\\\\bsp/1583400392954"
# webtalk_add_data -client sdk -key FlashCount -value "0" -context "sdk\\\\bsp/1583400392954"
# webtalk_add_data -client sdk -key CrossTriggCount -value "0" -context "sdk\\\\bsp/1583400392954"
# webtalk_add_data -client sdk -key QemuDebugCount -value "0" -context "sdk\\\\bsp/1583400392954"
# webtalk_transmit -clientid 3744450109 -regid "211565846_177724481_210696504_866" -xml D:\\EIVE_FPGA\\EIVE-SDI_RX_Subsystem\\EIVE-SDI_RX_Subsystem.sdk\\webtalk\\usage_statistics_ext_sdk.xml -html D:\\EIVE_FPGA\\EIVE-SDI_RX_Subsystem\\EIVE-SDI_RX_Subsystem.sdk\\webtalk\\usage_statistics_ext_sdk.html -wdm D:\\EIVE_FPGA\\EIVE-SDI_RX_Subsystem\\EIVE-SDI_RX_Subsystem.sdk\\webtalk\\sdk_webtalk.wdm -intro "<H3>SDK Usage Report</H3><BR>"
# webtalk_terminate
INFO: [Common 17-206] Exiting Webtalk at Thu Mar  5 10:26:41 2020...
