#-----------------------------------------------------------
# Webtalk v2017.4 (64-bit)
# SW Build 2086221 on Fri Dec 15 20:55:39 MST 2017
# 
# Start of session at: Fri May  8 12:25:26 2020
# Process ID: 9420
# Current directory: C:/Users/st143005/Desktop/EIVE-SDI_RX_Subsystem/EIVE-SDI_RX_Subsystem.sdk/webtalk
# Command line: wbtcv.exe -mode batch -source sdk_webtalk.tcl
# Log file: C:/Users/st143005/Desktop/EIVE-SDI_RX_Subsystem/EIVE-SDI_RX_Subsystem.sdk/webtalk/webtalk.log
# Journal file: C:/Users/st143005/Desktop/EIVE-SDI_RX_Subsystem/EIVE-SDI_RX_Subsystem.sdk/webtalk\webtalk.jou
#-----------------------------------------------------------
source sdk_webtalk.tcl
# webtalk_init -webtalk_dir C:\\Users\\st143005\\Desktop\\EIVE-SDI_RX_Subsystem\\EIVE-SDI_RX_Subsystem.sdk\\webtalk
# webtalk_register_client -client project
# webtalk_add_data -client project -key date_generated -value "2020-05-08 12:25:24" -context "software_version_and_target_device"
# webtalk_add_data -client project -key product_version -value "SDK v2017.4" -context "software_version_and_target_device"
# webtalk_add_data -client project -key build_version -value "2017.4" -context "software_version_and_target_device"
# webtalk_add_data -client project -key os_platform -value "amd64" -context "software_version_and_target_device"
# webtalk_add_data -client project -key registration_id -value "211565846_177724481_210696504_866" -context "software_version_and_target_device"
# webtalk_add_data -client project -key tool_flow -value "SDK" -context "software_version_and_target_device"
# webtalk_add_data -client project -key beta -value "false" -context "software_version_and_target_device"
# webtalk_add_data -client project -key route_design -value "NA" -context "software_version_and_target_device"
# webtalk_add_data -client project -key target_family -value "NA" -context "software_version_and_target_device"
# webtalk_add_data -client project -key target_device -value "NA" -context "software_version_and_target_device"
# webtalk_add_data -client project -key target_package -value "NA" -context "software_version_and_target_device"
# webtalk_add_data -client project -key target_speed -value "NA" -context "software_version_and_target_device"
# webtalk_add_data -client project -key random_id -value "776r6d3pn4hfogrh7tdn9kovla" -context "software_version_and_target_device"
# webtalk_add_data -client project -key project_id -value "2017.4_4" -context "software_version_and_target_device"
# webtalk_add_data -client project -key project_iteration -value "4" -context "software_version_and_target_device"
# webtalk_add_data -client project -key os_name -value "Microsoft Windows 8 or later , 64-bit" -context "user_environment"
# webtalk_add_data -client project -key os_release -value "major release  (build 9200)" -context "user_environment"
# webtalk_add_data -client project -key cpu_name -value "Intel(R) Core(TM) i5-3470 CPU @ 3.20GHz" -context "user_environment"
# webtalk_add_data -client project -key cpu_speed -value "3193 MHz" -context "user_environment"
# webtalk_add_data -client project -key total_processors -value "1" -context "user_environment"
# webtalk_add_data -client project -key system_ram -value "8.464 GB" -context "user_environment"
# webtalk_register_client -client sdk
# webtalk_add_data -client sdk -key uid -value "1588928909421" -context "sdk\\\\hardware/1588928909421"
# webtalk_add_data -client sdk -key isZynq -value "false" -context "sdk\\\\hardware/1588928909421"
# webtalk_add_data -client sdk -key isZynqMP -value "true" -context "sdk\\\\hardware/1588928909421"
# webtalk_add_data -client sdk -key Processors -value "7" -context "sdk\\\\hardware/1588928909421"
# webtalk_add_data -client sdk -key VivadoVersion -value "2017.4" -context "sdk\\\\hardware/1588928909421"
# webtalk_add_data -client sdk -key Arch -value "zynquplus" -context "sdk\\\\hardware/1588928909421"
# webtalk_add_data -client sdk -key Device -value "xczu9eg" -context "sdk\\\\hardware/1588928909421"
# webtalk_add_data -client sdk -key IsHandoff -value "true" -context "sdk\\\\hardware/1588928909421"
# webtalk_add_data -client sdk -key os -value "NA" -context "sdk\\\\hardware/1588928909421"
# webtalk_add_data -client sdk -key apptemplate -value "NA" -context "sdk\\\\hardware/1588928909421"
# webtalk_add_data -client sdk -key RecordType -value "HWCreation" -context "sdk\\\\hardware/1588928909421"
# webtalk_add_data -client sdk -key uid -value "1588929731541" -context "sdk\\\\bsp/1588929731541"
# webtalk_add_data -client sdk -key hwid -value "1588928909421" -context "sdk\\\\bsp/1588929731541"
# webtalk_add_data -client sdk -key os -value "standalone" -context "sdk\\\\bsp/1588929731541"
# webtalk_add_data -client sdk -key apptemplate -value "zynqmp_fsbl_flash" -context "sdk\\\\bsp/1588929731541"
# webtalk_add_data -client sdk -key RecordType -value "BSPCreation" -context "sdk\\\\bsp/1588929731541"
# webtalk_add_data -client sdk -key uid -value "1588929741328" -context "sdk\\\\application/1588929741328"
# webtalk_add_data -client sdk -key hwid -value "1588928909421" -context "sdk\\\\application/1588929741328"
# webtalk_add_data -client sdk -key bspid -value "1588929731541" -context "sdk\\\\application/1588929741328"
# webtalk_add_data -client sdk -key newbsp -value "true" -context "sdk\\\\application/1588929741328"
# webtalk_add_data -client sdk -key os -value "standalone" -context "sdk\\\\application/1588929741328"
# webtalk_add_data -client sdk -key apptemplate -value "zynqmp_fsbl_flash" -context "sdk\\\\application/1588929741328"
# webtalk_add_data -client sdk -key RecordType -value "APPCreation" -context "sdk\\\\application/1588929741328"
# webtalk_add_data -client sdk -key LangUsed -value "C" -context "sdk\\\\application/1588929741328"
# webtalk_add_data -client sdk -key Procused -value "psu_cortexa53" -context "sdk\\\\application/1588929741328"
# webtalk_add_data -client sdk -key projSize -value "116.625" -context "sdk\\\\application/1588929741328"
# webtalk_add_data -client sdk -key uid -value "1588931301586" -context "sdk\\\\bsp/1588931301586"
# webtalk_add_data -client sdk -key hwid -value "1588928909421" -context "sdk\\\\bsp/1588931301586"
# webtalk_add_data -client sdk -key os -value "standalone" -context "sdk\\\\bsp/1588931301586"
# webtalk_add_data -client sdk -key apptemplate -value "zynqmp_fsbl" -context "sdk\\\\bsp/1588931301586"
# webtalk_add_data -client sdk -key RecordType -value "BSPCreation" -context "sdk\\\\bsp/1588931301586"
# webtalk_add_data -client sdk -key uid -value "1588931308066" -context "sdk\\\\application/1588931308066"
# webtalk_add_data -client sdk -key hwid -value "1588928909421" -context "sdk\\\\application/1588931308066"
# webtalk_add_data -client sdk -key bspid -value "1588931301586" -context "sdk\\\\application/1588931308066"
# webtalk_add_data -client sdk -key newbsp -value "true" -context "sdk\\\\application/1588931308066"
# webtalk_add_data -client sdk -key os -value "standalone" -context "sdk\\\\application/1588931308066"
# webtalk_add_data -client sdk -key apptemplate -value "zynqmp_fsbl" -context "sdk\\\\application/1588931308066"
# webtalk_add_data -client sdk -key RecordType -value "APPCreation" -context "sdk\\\\application/1588931308066"
# webtalk_add_data -client sdk -key LangUsed -value "C" -context "sdk\\\\application/1588931308066"
# webtalk_add_data -client sdk -key Procused -value "psu_cortexa53" -context "sdk\\\\application/1588931308066"
# webtalk_add_data -client sdk -key projSize -value "1338.421875" -context "sdk\\\\application/1588931308066"
# webtalk_add_data -client sdk -key uid -value "1588931836167" -context "sdk\\\\bsp/1588931836167"
# webtalk_add_data -client sdk -key hwid -value "1588928909421" -context "sdk\\\\bsp/1588931836167"
# webtalk_add_data -client sdk -key os -value "standalone" -context "sdk\\\\bsp/1588931836167"
# webtalk_add_data -client sdk -key apptemplate -value "hello_world" -context "sdk\\\\bsp/1588931836167"
# webtalk_add_data -client sdk -key RecordType -value "BSPCreation" -context "sdk\\\\bsp/1588931836167"
# webtalk_add_data -client sdk -key uid -value "1588931838932" -context "sdk\\\\application/1588931838932"
# webtalk_add_data -client sdk -key hwid -value "1588928909421" -context "sdk\\\\application/1588931838932"
# webtalk_add_data -client sdk -key bspid -value "1588931836167" -context "sdk\\\\application/1588931838932"
# webtalk_add_data -client sdk -key newbsp -value "true" -context "sdk\\\\application/1588931838932"
# webtalk_add_data -client sdk -key os -value "standalone" -context "sdk\\\\application/1588931838932"
# webtalk_add_data -client sdk -key apptemplate -value "hello_world" -context "sdk\\\\application/1588931838932"
# webtalk_add_data -client sdk -key RecordType -value "APPCreation" -context "sdk\\\\application/1588931838932"
# webtalk_add_data -client sdk -key LangUsed -value "C" -context "sdk\\\\application/1588931838932"
# webtalk_add_data -client sdk -key Procused -value "psu_cortexa53" -context "sdk\\\\application/1588931838932"
# webtalk_add_data -client sdk -key projSize -value "268.3671875" -context "sdk\\\\application/1588931838932"
# webtalk_add_data -client sdk -key uid -value "NA" -context "sdk\\\\bsp/1588933524629"
# webtalk_add_data -client sdk -key RecordType -value "ToolUsage" -context "sdk\\\\bsp/1588933524629"
# webtalk_add_data -client sdk -key BootgenCount -value "1" -context "sdk\\\\bsp/1588933524629"
# webtalk_add_data -client sdk -key DebugCount -value "14" -context "sdk\\\\bsp/1588933524629"
# webtalk_add_data -client sdk -key PerfCount -value "0" -context "sdk\\\\bsp/1588933524629"
# webtalk_add_data -client sdk -key FlashCount -value "2" -context "sdk\\\\bsp/1588933524629"
# webtalk_add_data -client sdk -key CrossTriggCount -value "0" -context "sdk\\\\bsp/1588933524629"
# webtalk_add_data -client sdk -key QemuDebugCount -value "0" -context "sdk\\\\bsp/1588933524629"
# webtalk_transmit -clientid 3656643286 -regid "211565846_177724481_210696504_866" -xml C:\\Users\\st143005\\Desktop\\EIVE-SDI_RX_Subsystem\\EIVE-SDI_RX_Subsystem.sdk\\webtalk\\usage_statistics_ext_sdk.xml -html C:\\Users\\st143005\\Desktop\\EIVE-SDI_RX_Subsystem\\EIVE-SDI_RX_Subsystem.sdk\\webtalk\\usage_statistics_ext_sdk.html -wdm C:\\Users\\st143005\\Desktop\\EIVE-SDI_RX_Subsystem\\EIVE-SDI_RX_Subsystem.sdk\\webtalk\\sdk_webtalk.wdm -intro "<H3>SDK Usage Report</H3><BR>"
# webtalk_terminate
INFO: [Common 17-206] Exiting Webtalk at Fri May  8 12:25:36 2020...
